This is the 3D lattice Boltzmann *.log file


:::: Imported variables from the *.ini file :::: 
>>> Uavg              : 0.080000
>>> Vavg              : 0.000000
>>> Wavg              : 0.000000
>>> Initial density   : 5.0
>>> Viscosity         : 0.01000000
>>> # of iterations   : 10
>>> Autosave after    : 0
>>> Autosave every    : 100
>>> Convergence Veloc : -1.00000000
>>> Convergence Rho   : -1.00000000
>>> CollisionModel    : BGKW
>>> InletProfile      : OFF
>>> OutletProfile     : OFF
>>> CurvedBoundaries  : OFF
>>> Results format    : Paraview (*.csv)
>>> Drag, lift was not calculated

:::: Calculated variables from mesh :::: 
>>> Grid spacing        = 0.000000
>>> # of nodes in x (n) = 847450048
>>> # of nodes in y (m) = 847450064
>>> NumInletNodes       = 847449984

:::: Parallel properties :::: 
>>> # of threads        = 5
>>> BlockSize           = 5400

:::: Initializing ::::

:::: Initialization done! ::::

:::: Start Iterations ::::

Overall calculations took 7.849121 seconds
Main while loop took 6.334124 seconds
Initialization took 1.225402 seconds
Collision took 0.013370 seconds
UpdateF took 0.006209 seconds
Streaming took 4.891864 seconds
Calculating Boundaries took 0.006433 seconds
Update Macroscopic took 0.016018 seconds
Calculating Residuals took 0.040118 seconds
Writing results took 0.000000 seconds
Copying boundary cells took 0.014421 seconds

:::: Iterations done! ::::
